{"level":"info","message":"Hello from Acquisitions!","service":"acquisitions-api"}
{"level":"info","message":"::1 - - [17/Oct/2025:17:51:21 +0000] \"GET / HTTP/1.1\" 200 24 \"-\" \"Mozilla/5.0 (Windows NT 10.0; Win64; x64) AppleWebKit/537.36 (KHTML, like Gecko) Chrome/141.0.0.0 Safari/537.36\"","service":"acquisitions-api"}
{"level":"info","message":"::1 - - [17/Oct/2025:17:51:21 +0000] \"GET /favicon.ico HTTP/1.1\" 404 150 \"-\" \"Mozilla/5.0 (Windows NT 10.0; Win64; x64) AppleWebKit/537.36 (KHTML, like Gecko) Chrome/141.0.0.0 Safari/537.36\"","service":"acquisitions-api"}
{"level":"info","message":"Hello from Acquisitions!","service":"acquisitions-api"}
{"level":"info","message":"::1 - - [21/Oct/2025:08:01:06 +0000] \"GET / HTTP/1.1\" 500 1076 \"-\" \"Mozilla/5.0 (Windows NT 10.0; Win64; x64) AppleWebKit/537.36 (KHTML, like Gecko) Chrome/141.0.0.0 Safari/537.36\"","service":"acquisitions-api"}
{"level":"info","message":"Hello from Acquisitions!","service":"acquisitions-api"}
{"level":"info","message":"::1 - - [21/Oct/2025:08:01:08 +0000] \"GET / HTTP/1.1\" 500 1076 \"-\" \"Mozilla/5.0 (Windows NT 10.0; Win64; x64) AppleWebKit/537.36 (KHTML, like Gecko) Chrome/141.0.0.0 Safari/537.36\"","service":"acquisitions-api"}
{"level":"info","message":"Hello from Acquisitions!","service":"acquisitions-api"}
{"level":"info","message":"::1 - - [21/Oct/2025:08:04:52 +0000] \"GET / HTTP/1.1\" 500 1076 \"-\" \"Mozilla/5.0 (Windows NT 10.0; Win64; x64) AppleWebKit/537.36 (KHTML, like Gecko) Chrome/141.0.0.0 Safari/537.36\"","service":"acquisitions-api"}
{"level":"info","message":"::1 - - [21/Oct/2025:08:13:57 +0000] \"GET /health HTTP/1.1\" 500 1076 \"-\" \"PostmanRuntime/7.45.0\"","service":"acquisitions-api"}
{"level":"info","message":"Hello from Acquisitions!","service":"acquisitions-api"}
{"level":"info","message":"::1 - - [21/Oct/2025:08:16:15 +0000] \"GET / HTTP/1.1\" 200 24 \"-\" \"Mozilla/5.0 (Windows NT 10.0; Win64; x64) AppleWebKit/537.36 (KHTML, like Gecko) Chrome/141.0.0.0 Safari/537.36\"","service":"acquisitions-api"}
{"level":"info","message":"::1 - - [21/Oct/2025:08:16:15 +0000] \"GET /favicon.ico HTTP/1.1\" 404 150 \"-\" \"Mozilla/5.0 (Windows NT 10.0; Win64; x64) AppleWebKit/537.36 (KHTML, like Gecko) Chrome/141.0.0.0 Safari/537.36\"","service":"acquisitions-api"}
{"level":"info","message":"::1 - - [21/Oct/2025:08:16:19 +0000] \"GET /health HTTP/1.1\" 200 74 \"-\" \"PostmanRuntime/7.45.0\"","service":"acquisitions-api"}
{"level":"info","message":"Hello from Acquisitions!","service":"acquisitions-api"}
{"level":"info","message":"::1 - - [21/Oct/2025:08:17:10 +0000] \"GET / HTTP/1.1\" 200 24 \"-\" \"PostmanRuntime/7.45.0\"","service":"acquisitions-api"}
{"level":"info","message":"::1 - - [21/Oct/2025:08:18:07 +0000] \"GET /api HTTP/1.1\" 200 42 \"-\" \"PostmanRuntime/7.45.0\"","service":"acquisitions-api"}
{"level":"info","message":"::1 - - [21/Oct/2025:08:18:53 +0000] \"POST /api/auth/sign-in HTTP/1.1\" 200 30 \"-\" \"PostmanRuntime/7.45.0\"","service":"acquisitions-api"}
{"level":"info","message":"::1 - - [24/Oct/2025:17:15:08 +0000] \"POST /api/auth/sign-up HTTP/1.1\" 200 30 \"-\" \"PostmanRuntime/7.49.0\"","service":"acquisitions-api"}
{"level":"info","message":"::1 - - [24/Oct/2025:17:19:07 +0000] \"POST /api/auth/sign-up HTTP/1.1\" 400 1117 \"-\" \"PostmanRuntime/7.49.0\"","service":"acquisitions-api"}
{"level":"info","message":"::1 - - [24/Oct/2025:17:20:59 +0000] \"POST /api/auth/sign-up HTTP/1.1\" 400 1117 \"-\" \"PostmanRuntime/7.49.0\"","service":"acquisitions-api"}
{"level":"info","message":"::1 - - [24/Oct/2025:17:22:33 +0000] \"POST /api/auth/sign-up HTTP/1.1\" 400 1117 \"-\" \"PostmanRuntime/7.49.0\"","service":"acquisitions-api"}
{"level":"info","message":"::1 - - [24/Oct/2025:17:23:15 +0000] \"POST /api/auth/sign-up HTTP/1.1\" 400 1117 \"-\" \"PostmanRuntime/7.49.0\"","service":"acquisitions-api"}
{"level":"info","message":"::1 - - [24/Oct/2025:17:23:39 +0000] \"POST /api/auth/sign-up HTTP/1.1\" 400 1117 \"-\" \"PostmanRuntime/7.49.0\"","service":"acquisitions-api"}
{"level":"error","message":"Signup error formatValidationError is not defined","service":"acquisitions-api","stack":"ReferenceError: formatValidationError is not defined\n    at signup (file:///E:/projects/acquistions/src/controllers/auth.controller.js:11:26)\n    at Layer.handleRequest (E:\\projects\\acquistions\\node_modules\\router\\lib\\layer.js:152:17)\n    at next (E:\\projects\\acquistions\\node_modules\\router\\lib\\route.js:157:13)\n    at Route.dispatch (E:\\projects\\acquistions\\node_modules\\router\\lib\\route.js:117:3)\n    at handle (E:\\projects\\acquistions\\node_modules\\router\\index.js:435:11)\n    at Layer.handleRequest (E:\\projects\\acquistions\\node_modules\\router\\lib\\layer.js:152:17)\n    at E:\\projects\\acquistions\\node_modules\\router\\index.js:295:15\n    at processParams (E:\\projects\\acquistions\\node_modules\\router\\index.js:582:12)\n    at next (E:\\projects\\acquistions\\node_modules\\router\\index.js:291:5)\n    at Function.handle (E:\\projects\\acquistions\\node_modules\\router\\index.js:186:3)"}
{"level":"info","message":"::1 - - [24/Oct/2025:17:25:53 +0000] \"POST /api/auth/sign-up HTTP/1.1\" 400 1132 \"-\" \"PostmanRuntime/7.49.0\"","service":"acquisitions-api"}
{"level":"info","message":"::1 - - [24/Oct/2025:17:27:44 +0000] \"POST /api/auth/sign-up HTTP/1.1\" 400 1117 \"-\" \"PostmanRuntime/7.49.0\"","service":"acquisitions-api"}
{"level":"error","message":"Signup error formatValidationError is not defined","service":"acquisitions-api","stack":"ReferenceError: formatValidationError is not defined\n    at signup (file:///E:/projects/acquistions/src/controllers/auth.controller.js:11:26)\n    at Layer.handleRequest (E:\\projects\\acquistions\\node_modules\\router\\lib\\layer.js:152:17)\n    at next (E:\\projects\\acquistions\\node_modules\\router\\lib\\route.js:157:13)\n    at Route.dispatch (E:\\projects\\acquistions\\node_modules\\router\\lib\\route.js:117:3)\n    at handle (E:\\projects\\acquistions\\node_modules\\router\\index.js:435:11)\n    at Layer.handleRequest (E:\\projects\\acquistions\\node_modules\\router\\lib\\layer.js:152:17)\n    at E:\\projects\\acquistions\\node_modules\\router\\index.js:295:15\n    at processParams (E:\\projects\\acquistions\\node_modules\\router\\index.js:582:12)\n    at next (E:\\projects\\acquistions\\node_modules\\router\\index.js:291:5)\n    at Function.handle (E:\\projects\\acquistions\\node_modules\\router\\index.js:186:3)"}
{"level":"info","message":"::1 - - [24/Oct/2025:17:28:24 +0000] \"POST /api/auth/sign-up HTTP/1.1\" 400 1132 \"-\" \"PostmanRuntime/7.49.0\"","service":"acquisitions-api"}
{"level":"info","message":"Hello from Acquisitions!","service":"acquisitions-api"}
{"level":"info","message":"::1 - - [24/Oct/2025:17:33:54 +0000] \"GET / HTTP/1.1\" 304 - \"-\" \"Mozilla/5.0 (Windows NT 10.0; Win64; x64) AppleWebKit/537.36 (KHTML, like Gecko) Chrome/141.0.0.0 Safari/537.36\"","service":"acquisitions-api"}
{"level":"info","message":"::1 - - [24/Oct/2025:17:33:54 +0000] \"GET /favicon.ico HTTP/1.1\" 404 150 \"-\" \"Mozilla/5.0 (Windows NT 10.0; Win64; x64) AppleWebKit/537.36 (KHTML, like Gecko) Chrome/141.0.0.0 Safari/537.36\"","service":"acquisitions-api"}
{"level":"error","message":"Signup error formatValidationError is not defined","service":"acquisitions-api","stack":"ReferenceError: formatValidationError is not defined\n    at signup (file:///E:/projects/acquistions/src/controllers/auth.controller.js:11:26)\n    at Layer.handleRequest (E:\\projects\\acquistions\\node_modules\\router\\lib\\layer.js:152:17)\n    at next (E:\\projects\\acquistions\\node_modules\\router\\lib\\route.js:157:13)\n    at Route.dispatch (E:\\projects\\acquistions\\node_modules\\router\\lib\\route.js:117:3)\n    at handle (E:\\projects\\acquistions\\node_modules\\router\\index.js:435:11)\n    at Layer.handleRequest (E:\\projects\\acquistions\\node_modules\\router\\lib\\layer.js:152:17)\n    at E:\\projects\\acquistions\\node_modules\\router\\index.js:295:15\n    at processParams (E:\\projects\\acquistions\\node_modules\\router\\index.js:582:12)\n    at next (E:\\projects\\acquistions\\node_modules\\router\\index.js:291:5)\n    at Function.handle (E:\\projects\\acquistions\\node_modules\\router\\index.js:186:3)"}
{"level":"info","message":"::1 - - [24/Oct/2025:17:33:59 +0000] \"POST /api/auth/sign-up HTTP/1.1\" 400 1132 \"-\" \"PostmanRuntime/7.49.0\"","service":"acquisitions-api"}
{"level":"error","message":"Signup error Cannot read properties of undefined (reading 'map')","service":"acquisitions-api","stack":"TypeError: Cannot read properties of undefined (reading 'map')\n    at formatValidationError (file:///E:/projects/acquistions/src/controllers/auth.controller.js:5:23)\n    at signup (file:///E:/projects/acquistions/src/controllers/auth.controller.js:18:26)\n    at Layer.handleRequest (E:\\projects\\acquistions\\node_modules\\router\\lib\\layer.js:152:17)\n    at next (E:\\projects\\acquistions\\node_modules\\router\\lib\\route.js:157:13)\n    at Route.dispatch (E:\\projects\\acquistions\\node_modules\\router\\lib\\route.js:117:3)\n    at handle (E:\\projects\\acquistions\\node_modules\\router\\index.js:435:11)\n    at Layer.handleRequest (E:\\projects\\acquistions\\node_modules\\router\\lib\\layer.js:152:17)\n    at E:\\projects\\acquistions\\node_modules\\router\\index.js:295:15\n    at processParams (E:\\projects\\acquistions\\node_modules\\router\\index.js:582:12)\n    at next (E:\\projects\\acquistions\\node_modules\\router\\index.js:291:5)"}
{"level":"info","message":"::1 - - [24/Oct/2025:17:42:06 +0000] \"POST /api/auth/sign-up HTTP/1.1\" 400 1169 \"-\" \"PostmanRuntime/7.49.0\"","service":"acquisitions-api"}
{"level":"info","message":"::1 - - [24/Oct/2025:17:42:30 +0000] \"POST /api/auth/sign-up HTTP/1.1\" 200 30 \"-\" \"PostmanRuntime/7.49.0\"","service":"acquisitions-api"}
{"level":"error","message":"Signup error Cannot read properties of undefined (reading 'map')","service":"acquisitions-api","stack":"TypeError: Cannot read properties of undefined (reading 'map')\n    at formatValidationError (file:///E:/projects/acquistions/src/controllers/auth.controller.js:5:23)\n    at signup (file:///E:/projects/acquistions/src/controllers/auth.controller.js:18:26)\n    at Layer.handleRequest (E:\\projects\\acquistions\\node_modules\\router\\lib\\layer.js:152:17)\n    at next (E:\\projects\\acquistions\\node_modules\\router\\lib\\route.js:157:13)\n    at Route.dispatch (E:\\projects\\acquistions\\node_modules\\router\\lib\\route.js:117:3)\n    at handle (E:\\projects\\acquistions\\node_modules\\router\\index.js:435:11)\n    at Layer.handleRequest (E:\\projects\\acquistions\\node_modules\\router\\lib\\layer.js:152:17)\n    at E:\\projects\\acquistions\\node_modules\\router\\index.js:295:15\n    at processParams (E:\\projects\\acquistions\\node_modules\\router\\index.js:582:12)\n    at next (E:\\projects\\acquistions\\node_modules\\router\\index.js:291:5)"}
{"level":"info","message":"::1 - - [24/Oct/2025:17:43:24 +0000] \"POST /api/auth/sign-up HTTP/1.1\" 400 1169 \"-\" \"PostmanRuntime/7.49.0\"","service":"acquisitions-api"}
{"level":"error","message":"Signup error formatValidationError is not defined","service":"acquisitions-api","stack":"ReferenceError: formatValidationError is not defined\n    at signup (file:///E:/projects/acquistions/src/controllers/auth.controller.js:12:26)\n    at Layer.handleRequest (E:\\projects\\acquistions\\node_modules\\router\\lib\\layer.js:152:17)\n    at next (E:\\projects\\acquistions\\node_modules\\router\\lib\\route.js:157:13)\n    at Route.dispatch (E:\\projects\\acquistions\\node_modules\\router\\lib\\route.js:117:3)\n    at handle (E:\\projects\\acquistions\\node_modules\\router\\index.js:435:11)\n    at Layer.handleRequest (E:\\projects\\acquistions\\node_modules\\router\\lib\\layer.js:152:17)\n    at E:\\projects\\acquistions\\node_modules\\router\\index.js:295:15\n    at processParams (E:\\projects\\acquistions\\node_modules\\router\\index.js:582:12)\n    at next (E:\\projects\\acquistions\\node_modules\\router\\index.js:291:5)\n    at Function.handle (E:\\projects\\acquistions\\node_modules\\router\\index.js:186:3)"}
{"level":"info","message":"::1 - - [24/Oct/2025:17:45:30 +0000] \"POST /api/auth/sign-up HTTP/1.1\" 400 1132 \"-\" \"PostmanRuntime/7.49.0\"","service":"acquisitions-api"}
{"level":"info","message":"::1 - - [24/Oct/2025:17:46:48 +0000] \"POST /api/auth/sign-up HTTP/1.1\" 400 42 \"-\" \"PostmanRuntime/7.49.0\"","service":"acquisitions-api"}
{"level":"info","message":"::1 - - [24/Oct/2025:17:48:34 +0000] \"POST /api/auth/sign-up HTTP/1.1\" 400 42 \"-\" \"PostmanRuntime/7.49.0\"","service":"acquisitions-api"}
{"level":"info","message":"::1 - - [24/Oct/2025:17:51:08 +0000] \"POST /api/auth/sign-up HTTP/1.1\" 400 42 \"-\" \"PostmanRuntime/7.49.0\"","service":"acquisitions-api"}
{"level":"info","message":"::1 - - [24/Oct/2025:17:53:14 +0000] \"POST /api/auth/sign-up?name=Adrain&email=contact@jsmastery.com&password=123123 HTTP/1.1\" 400 42 \"-\" \"PostmanRuntime/7.49.0\"","service":"acquisitions-api"}
{"level":"info","message":"::1 - - [02/Nov/2025:14:06:58 +0000] \"POST /api/auth/sign-up HTTP/1.1\" 400 92 \"-\" \"PostmanRuntime/7.49.0\"","service":"acquisitions-api"}
{"level":"info","message":"::1 - - [02/Nov/2025:14:08:30 +0000] \"POST /api/auth/sign-up HTTP/1.1\" 400 92 \"-\" \"PostmanRuntime/7.49.0\"","service":"acquisitions-api"}
{"level":"info","message":"::1 - - [02/Nov/2025:14:08:50 +0000] \"POST /api/auth/sign-up HTTP/1.1\" 400 92 \"-\" \"PostmanRuntime/7.49.0\"","service":"acquisitions-api"}
{"level":"info","message":"::1 - - [02/Nov/2025:14:11:07 +0000] \"POST /api/auth/sign-up HTTP/1.1\" 400 92 \"-\" \"PostmanRuntime/7.49.0\"","service":"acquisitions-api"}
{"level":"info","message":"::1 - - [02/Nov/2025:14:11:33 +0000] \"POST /api/auth/sign-up HTTP/1.1\" 400 92 \"-\" \"PostmanRuntime/7.49.0\"","service":"acquisitions-api"}
{"level":"info","message":"::1 - - [02/Nov/2025:14:11:53 +0000] \"POST /api/auth/sign-up?email=contact@jsmastery.com&name=Adrain&password=123123 HTTP/1.1\" 400 92 \"-\" \"PostmanRuntime/7.49.0\"","service":"acquisitions-api"}
{"level":"info","message":"::1 - - [02/Nov/2025:14:12:42 +0000] \"POST /api/auth/sign-up HTTP/1.1\" 400 92 \"-\" \"PostmanRuntime/7.49.0\"","service":"acquisitions-api"}
{"level":"info","message":"::1 - - [02/Nov/2025:14:13:01 +0000] \"POST /api/auth/sign-up HTTP/1.1\" 400 92 \"-\" \"PostmanRuntime/7.49.0\"","service":"acquisitions-api"}
{"level":"info","message":"::1 - - [02/Nov/2025:14:13:24 +0000] \"POST /api/auth/sign-up HTTP/1.1\" 400 92 \"-\" \"PostmanRuntime/7.49.0\"","service":"acquisitions-api"}
{"level":"info","message":"::1 - - [02/Nov/2025:14:13:27 +0000] \"POST /api/auth/sign-up HTTP/1.1\" 400 92 \"-\" \"PostmanRuntime/7.49.0\"","service":"acquisitions-api"}
{"level":"info","message":"::1 - - [02/Nov/2025:14:14:43 +0000] \"POST /api/auth/sign-up HTTP/1.1\" 400 92 \"-\" \"PostmanRuntime/7.49.0\"","service":"acquisitions-api"}
{"level":"info","message":"::1 - - [02/Nov/2025:14:14:56 +0000] \"POST /api/auth/sign-up HTTP/1.1\" 400 92 \"-\" \"PostmanRuntime/7.49.0\"","service":"acquisitions-api"}
{"level":"info","message":"User test@user.com created successfully","service":"acquisitions-api"}
{"level":"error","message":"Failed to authenticate token \"expiresIn\" should be a number of seconds or string representing a timespan eg: \"1d\", \"20h\", 60","service":"acquisitions-api","stack":"Error: \"expiresIn\" should be a number of seconds or string representing a timespan eg: \"1d\", \"20h\", 60\n    at module.exports [as sign] (E:\\projects\\acquistions\\node_modules\\jsonwebtoken\\sign.js:213:22)\n    at Object.sign (file:///E:/projects/acquistions/src/utils/jwt.js:11:24)\n    at signup (file:///E:/projects/acquistions/src/controllers/auth.controller.js:23:28)\n    at process.processTicksAndRejections (node:internal/process/task_queues:105:5)"}
{"level":"error","message":"Signup error Failed to authenticate token","service":"acquisitions-api","stack":"Error: Failed to authenticate token\n    at Object.sign (file:///E:/projects/acquistions/src/utils/jwt.js:14:19)\n    at signup (file:///E:/projects/acquistions/src/controllers/auth.controller.js:23:28)\n    at process.processTicksAndRejections (node:internal/process/task_queues:105:5)"}
{"level":"info","message":"::1 - - [02/Nov/2025:14:15:20 +0000] \"POST /api/auth/sign-up HTTP/1.1\" 500 449 \"-\" \"PostmanRuntime/7.49.0\"","service":"acquisitions-api"}
{"level":"error","message":"Error creating the user: Error: User with this email already exists","service":"acquisitions-api"}
{"level":"error","message":"Signup error User with this email already exists","service":"acquisitions-api","stack":"Error: User with this email already exists\n    at createUser (file:///E:/projects/acquistions/src/services/auth.service.js:34:13)\n    at process.processTicksAndRejections (node:internal/process/task_queues:105:5)\n    at async signup (file:///E:/projects/acquistions/src/controllers/auth.controller.js:21:18)"}
{"level":"info","message":"::1 - - [02/Nov/2025:14:16:24 +0000] \"POST /api/auth/sign-up HTTP/1.1\" 409 31 \"-\" \"PostmanRuntime/7.49.0\"","service":"acquisitions-api"}
{"level":"info","message":"User adrian@user.com created successfully","service":"acquisitions-api"}
{"level":"info","message":"User registered successfully: adrian@user.com","service":"acquisitions-api"}
{"level":"info","message":"::1 - - [02/Nov/2025:14:16:55 +0000] \"POST /api/auth/sign-up HTTP/1.1\" 201 101 \"-\" \"PostmanRuntime/7.49.0\"","service":"acquisitions-api"}
{"level":"info","message":"User adrian@user.com authenticated successfully","service":"acquisitions-api"}
{"level":"info","message":"User signed in successfully: adrian@user.com","service":"acquisitions-api"}
{"level":"info","message":"::1 - - [02/Nov/2025:14:41:20 +0000] \"POST /api/auth/sign-in HTTP/1.1\" 200 113 \"-\" \"PostmanRuntime/7.49.0\"","service":"acquisitions-api"}
{"level":"info","message":"User signed out successfully","service":"acquisitions-api"}
{"level":"info","message":"::1 - - [02/Nov/2025:14:41:57 +0000] \"POST /api/auth/sign-out HTTP/1.1\" 200 42 \"-\" \"PostmanRuntime/7.49.0\"","service":"acquisitions-api"}
